<?xml version="1.0" encoding="UTF-8"?>
<testsuite name="ParkingLotTest" tests="1" skipped="0" failures="0" errors="0" timestamp="2023-11-23T05:34:55" hostname="0323LTPB0095880" time="0.555">
  <properties/>
  <testcase name="ownerShouldBeNotifiedWhenParkingIfFull()" classname="ParkingLotTest" time="0.555"/>
  <system-out><![CDATA[]]></system-out>
  <system-err><![CDATA[]]></system-err>
</testsuite>
